C51 COMPILER V8.08   L6_1_2002160302025                                                    05/10/2022 09:36:19 PAGE 1   


C51 COMPILER V8.08, COMPILATION OF MODULE L6_1_2002160302025
OBJECT MODULE PLACED IN L6-1_2002160302025.OBJ
COMPILER INVOKED BY: F:\Keil_uVision3\C51\BIN\C51.EXE L6-1_2002160302025.C BROWSE DEBUG OBJECTEXTEND

line level    source

   1          #include <REGX51.H>
   2          
   3          void Delay(unsigned int i)
   4          {
   5   1          unsigned int j = 0;
   6   1          while(i--)
   7   1          {
   8   2              for(j; j < 333; j++)
   9   2              {}
  10   2          }
  11   1      }
  12          
  13          int main()
  14          {
  15   1          EA = 1;
  16   1          EX0 = 1;
  17   1          IT0 = 1;
  18   1          while(1)
  19   1          {
  20   2              P1 = 0;
  21   2          }
  22   1      
  23   1          return 0;
  24   1      }
  25          
  26          
  27          void int0( )  interrupt 0
  28          {
  29   1          unsigned char n = 0;
  30   1          EX0 = 0;
  31   1          for(n = 0; n < 5; n++)
  32   1          {
  33   2              P1 = 0x0f;              // 高四位亮
  34   2              Delay(5000);
  35   2              P1 = 0xf0;              // 低四位亮
  36   2              Delay(5000);
  37   2          }
  38   1          EX0 = 1;
  39   1      } 


MODULE INFORMATION:   STATIC OVERLAYABLE
   CODE SIZE        =    107    ----
   CONSTANT SIZE    =   ----    ----
   XDATA SIZE       =   ----    ----
   PDATA SIZE       =   ----    ----
   DATA SIZE        =   ----    ----
   IDATA SIZE       =   ----    ----
   BIT SIZE         =   ----    ----
END OF MODULE INFORMATION.


C51 COMPILATION COMPLETE.  0 WARNING(S),  0 ERROR(S)
