C51 COMPILER V8.08   5_15_2022421                                                          04/21/2022 21:59:03 PAGE 1   


C51 COMPILER V8.08, COMPILATION OF MODULE 5_15_2022421
OBJECT MODULE PLACED IN 5-15_2022421.OBJ
COMPILER INVOKED BY: F:\Keil_uVision3\C51\BIN\C51.EXE 5-15_2022421.c BROWSE DEBUG OBJECTEXTEND

line level    source

   1          /*
   2          数码管显示 4x4 矩阵式键盘键号
   3          
   4          扫描逻辑：
   5          P 1.4~1.7 连接行
   6          P 1.0~1.3 连接列
   7          P1 寄存器中,某位为 0 表示本行 或者 本列 为输入状态
   8          
   9          默认按行扫描，即：将P1寄存器中代表 P1.4 P1.5 P1.6 P1.7 的位置地值按顺序循环置 0
  10          表示为：1110xxxx    1101xxxx    1011xxxx    0111xxxx
  11          扫描一直循环
  12          然后 P1.0 P1.1 P1.2 P1.3 连接到列，按下某个键时，其所在列 在寄存器中位置 置0
  13          
  14          */
  15          
  16          
  17          #include <REGX51.H>
  18          #define uchar unsigned char
  19          
  20          sbit L1 = P1^0;
  21          sbit L2 = P1^1;
  22          sbit L3 = P1^2;
  23          sbit L4 = P1^3;
  24          uchar keyval;
  25          
  26          uchar dis[16] = { 0xc0, 0xf9, 0xa4, 0xb0, 0x99, 0x92, 0x82, 0xf8, 0x80, 0x90, 0x88, 0x83, 0xc6, 0xa1, 0x86
             -, 0x8e };
  27          
  28          void delay()
  29          {
  30   1              int i,j;
  31   1              for(i = 0; i < 13; i++)
  32   1                      for(j = 0; j < 255; j++);
  33   1      }
  34          
  35          
  36          int main()
  37          {
  38   1          uchar temp;
  39   1          uchar k = 0;
  40   1          uchar i = 0;
  41   1          while(1)
  42   1          {
  43   2              P1 = 0xef;
  44   2              for(i = 0; i <= 3; i++)
  45   2              {
  46   3                  if(L1 == 0)
  47   3                      P0 = dis[i * 4 + 0];
  48   3                  if(L2 == 0)
  49   3                      P0 = dis[i * 4 + 1];
  50   3                  if(L3 == 0)
  51   3                      P0 = dis[i * 4 + 2];
  52   3                  if(L4 == 0)
  53   3                      P0 = dis[i * 4 + 3];
  54   3      
C51 COMPILER V8.08   5_15_2022421                                                          04/21/2022 21:59:03 PAGE 2   

  55   3                              delay();
  56   3                  temp = P1;
  57   3                  temp |= 0x0f;
  58   3                  temp <<= 1;
  59   3                  temp |= 0x0f;
  60   3                  P1 = temp;
  61   3              }
  62   2          }
  63   1      
  64   1          return 0;
  65   1      } 


MODULE INFORMATION:   STATIC OVERLAYABLE
   CODE SIZE        =    115    ----
   CONSTANT SIZE    =   ----    ----
   XDATA SIZE       =   ----    ----
   PDATA SIZE       =   ----    ----
   DATA SIZE        =     17       1
   IDATA SIZE       =   ----    ----
   BIT SIZE         =   ----    ----
END OF MODULE INFORMATION.


C51 COMPILATION COMPLETE.  0 WARNING(S),  0 ERROR(S)
