C51 COMPILER V8.08   L6_2_2002160302025                                                    05/10/2022 09:29:52 PAGE 1   


C51 COMPILER V8.08, COMPILATION OF MODULE L6_2_2002160302025
OBJECT MODULE PLACED IN L6-2_2002160302025.OBJ
COMPILER INVOKED BY: F:\Keil_uVision3\C51\BIN\C51.EXE L6-2_2002160302025.C BROWSE DEBUG OBJECTEXTEND

line level    source

   1          #include <REGX51.H>
   2          
   3          void Delay(unsigned int i)
   4          {
   5   1          unsigned int j = 0;
   6   1          while(i--)
   7   1          {
   8   2              for(j; j < 125; j++)
   9   2              {}
  10   2          }
  11   1      }
  12          
  13          int main()
  14          {
  15   1          unsigned char display[] = { 0xff, 0xfe, 0xfd, 0xfb, 0xf7, 0xef, 0xdf, 0xbf, 0x7f};
  16   1          unsigned int times = 0;
  17   1          while(1)
  18   1          {
  19   2              EA = 1;
  20   2              EX0 = 1;
  21   2              EX1 = 1;
  22   2              IT0 = 1;
  23   2              IT1 = 1;
  24   2              IP = 0;
  25   2              for(times = 0; times < 9; times++)
  26   2              {
  27   3                  Delay(10000);
  28   3                  P1 = display[times];
  29   3              }
  30   2          }
  31   1      
  32   1          return 0;
  33   1      }
  34          
  35          
  36          void int0_isr(void)  interrupt 0
  37          {
  38   1          unsigned char n = 0;
  39   1          for(n = 0; n < 10; n++)
  40   1          {
  41   2              P1 = 0x0f;              // 高四位亮
  42   2              Delay(10000);
  43   2              P1 = 0xf0;              // 低四位亮
  44   2              Delay(10000);
  45   2          }
  46   1      } 
  47          
  48          void int1_isr(void)      interrupt 2
  49          {
  50   1          unsigned char m = 0;
  51   1          for(m = 0; m < 10; m++)
  52   1          {
  53   2              P1 = 0xff;              // 全灭
  54   2              Delay(10000);
  55   2              P1 = 0x00;              // 全亮
C51 COMPILER V8.08   L6_2_2002160302025                                                    05/10/2022 09:29:52 PAGE 2   

  56   2              Delay(10000);
  57   2          }
  58   1      } 


MODULE INFORMATION:   STATIC OVERLAYABLE
   CODE SIZE        =    201    ----
   CONSTANT SIZE    =      9    ----
   XDATA SIZE       =   ----    ----
   PDATA SIZE       =   ----    ----
   DATA SIZE        =   ----       9
   IDATA SIZE       =   ----    ----
   BIT SIZE         =   ----    ----
END OF MODULE INFORMATION.


C51 COMPILATION COMPLETE.  0 WARNING(S),  0 ERROR(S)
