C51 COMPILER V8.08   2002160302025_WORK2                                                   05/14/2022 14:10:10 PAGE 1   


C51 COMPILER V8.08, COMPILATION OF MODULE 2002160302025_WORK2
OBJECT MODULE PLACED IN 2002160302025-Work2.OBJ
COMPILER INVOKED BY: F:\Keil_uVision3\C51\BIN\C51.EXE 2002160302025-Work2.c BROWSE DEBUG OBJECTEXTEND

line level    source

   1          #include <reg51.h>
   2          sbit P2_0 = P2^0;
   3          
   4          int main()
   5          {
   6   1          TMOD = 0x01;
   7   1          TR0 = 1;
   8   1          while(1)
   9   1          {
  10   2              TH0 = 0xEC;
  11   2              TL0 = 0x78;
  12   2              do{
  13   3              }while(!TF0);
  14   2              P2_0 = !P2_0;
  15   2              TF0 = 0;
  16   2          }
  17   1      
  18   1          return 0;
  19   1      }


MODULE INFORMATION:   STATIC OVERLAYABLE
   CODE SIZE        =     20    ----
   CONSTANT SIZE    =   ----    ----
   XDATA SIZE       =   ----    ----
   PDATA SIZE       =   ----    ----
   DATA SIZE        =   ----    ----
   IDATA SIZE       =   ----    ----
   BIT SIZE         =   ----    ----
END OF MODULE INFORMATION.


C51 COMPILATION COMPLETE.  0 WARNING(S),  0 ERROR(S)
