C51 COMPILER V8.08   2002160302025                                                         05/15/2022 16:51:01 PAGE 1   


C51 COMPILER V8.08, COMPILATION OF MODULE 2002160302025
OBJECT MODULE PLACED IN 2002160302025.OBJ
COMPILER INVOKED BY: F:\Keil_uVision3\C51\BIN\C51.EXE 2002160302025.c BROWSE DEBUG OBJECTEXTEND

line level    source

   1          #include <reg51.h>
   2          sbit P1_0=P1^0;
   3          void main(void)
   4          {
   5   1        TMOD=0x02;
   6   1        TR0=1;
   7   1        while(1)
   8   1          {
   9   2              TH0=0x06;
  10   2              TL0=0x06;
  11   2              do{}
  12   2              while(!TF0);
  13   2              P1_0=!P1_0;
  14   2              TF0=0;}
  15   1      }


MODULE INFORMATION:   STATIC OVERLAYABLE
   CODE SIZE        =     20    ----
   CONSTANT SIZE    =   ----    ----
   XDATA SIZE       =   ----    ----
   PDATA SIZE       =   ----    ----
   DATA SIZE        =   ----    ----
   IDATA SIZE       =   ----    ----
   BIT SIZE         =   ----    ----
END OF MODULE INFORMATION.


C51 COMPILATION COMPLETE.  0 WARNING(S),  0 ERROR(S)
